2025-11-03 22:12:19,927 - faiss.loader - INFO - Loading faiss with AVX2 support.
2025-11-03 22:12:20,000 - faiss.loader - INFO - Successfully loaded faiss with AVX2 support.
2025-11-03 22:21:48,253 - __main__ - INFO - 125 Build Automation Enhanced 시작
2025-11-03 22:21:48,253 - __main__ - INFO - 모든 서비스 초기화 완료
2025-11-03 22:21:48,565 - __main__ - INFO - 텔레그램 봇 핸들러 등록 완료
2025-11-03 22:24:13,328 - __main__ - INFO - 125 Build Automation Enhanced 시작
2025-11-03 22:24:13,328 - __main__ - INFO - 모든 서비스 초기화 완료
2025-11-03 22:24:13,648 - __main__ - INFO - 텔레그램 봇 핸들러 등록 완료
2025-11-03 22:32:52,069 - __main__ - INFO - 125 Build Automation Enhanced 시작
2025-11-03 22:32:52,070 - __main__ - INFO - 모든 서비스 초기화 완료
2025-11-03 22:32:52,463 - __main__ - INFO - 텔레그램 봇 핸들러 등록 완료
2025-11-03 22:54:18,126 - __main__ - INFO - 125 Build Automation Enhanced 시작
2025-11-03 22:54:18,126 - __main__ - INFO - 모든 서비스 초기화 완료
2025-11-03 22:54:18,404 - __main__ - INFO - 텔레그램 봇 핸들러 등록 완료
2025-11-03 23:01:15,665 - __main__ - INFO - 텔레그램 봇 시작
2025-11-03 23:01:15,665 - __main__ - INFO - 모든 서비스 초기화 완료
2025-11-03 23:01:15,949 - __main__ - INFO - 텔레그램 봇 핸들러 등록 완료
2025-11-03 23:03:16,310 - __main__ - INFO - 텔레그램 봇 시작
2025-11-03 23:03:16,310 - __main__ - INFO - 모든 서비스 초기화 완료
2025-11-03 23:03:16,616 - __main__ - INFO - 텔레그램 봇 핸들러 등록 완료
2025-11-03 23:03:16,618 - __main__ - INFO - 텔레그램 봇 시작
2025-11-03 23:03:16,618 - __main__ - INFO - 모든 서비스 초기화 완료
2025-11-03 23:03:16,645 - __main__ - INFO - 텔레그램 봇 핸들러 등록 완료
2025-11-03 23:05:42,842 - __main__ - INFO - 텔레그램 봇 시작
2025-11-03 23:05:42,843 - __main__ - INFO - 모든 서비스 초기화 완료
2025-11-03 23:05:43,106 - __main__ - INFO - 텔레그램 봇 핸들러 등록 완료
2025-11-03 23:05:43,108 - __main__ - INFO - 텔레그램 봇 시작
2025-11-03 23:05:43,108 - __main__ - INFO - 모든 서비스 초기화 완료
2025-11-03 23:05:43,133 - __main__ - INFO - 텔레그램 봇 핸들러 등록 완료
2025-11-03 23:08:11,459 - __main__ - ERROR - 봇 실행 중 오류: a coroutine was expected, got <function run_telegram_bot.<locals>.main at 0x000002B51D1C0FE0>
2025-11-03 23:09:13,795 - __main__ - INFO - 125 Build Automation Bot 시작
2025-11-03 23:09:13,795 - __main__ - ERROR - GEMINI_API_KEY가 설정되지 않았습니다
2025-11-03 23:09:13,795 - __main__ - ERROR - 서비스 초기화 실패
2025-11-04 00:01:26,243 - __main__ - INFO - 텔레그램 봇 시작
2025-11-04 00:01:26,244 - __main__ - INFO - 모든 서비스 초기화 완료
2025-11-04 00:01:26,674 - __main__ - INFO - 텔레그램 봇 핸들러 등록 완료
2025-11-04 00:01:26,676 - __main__ - INFO - 텔레그램 봇 시작
2025-11-04 00:01:26,676 - __main__ - INFO - 모든 서비스 초기화 완료
2025-11-04 00:01:26,712 - __main__ - INFO - 텔레그램 봇 핸들러 등록 완료
2025-11-04 00:08:59,806 - __main__ - INFO - 텔레그램 봇 시작
2025-11-04 00:08:59,807 - __main__ - INFO - 모든 서비스 초기화 완료
2025-11-04 00:09:00,074 - __main__ - INFO - 텔레그램 봇 핸들러 등록 완료
2025-11-04 00:09:00,075 - __main__ - INFO - 텔레그램 봇 시작
2025-11-04 00:09:00,075 - __main__ - INFO - 모든 서비스 초기화 완료
2025-11-04 00:09:00,093 - __main__ - INFO - 텔레그램 봇 핸들러 등록 완료
2025-11-04 00:11:36,206 - __main__ - INFO - 텔레그램 봇 시작
2025-11-04 00:11:36,207 - __main__ - INFO - 모든 서비스 초기화 완료
2025-11-04 00:11:36,506 - __main__ - INFO - 텔레그램 봇 핸들러 등록 완료
2025-11-04 00:14:41,405 - __main__ - INFO - 텔레그램 봇 시작
2025-11-04 00:14:41,406 - __main__ - INFO - 모든 서비스 초기화 완료
2025-11-04 00:14:41,728 - __main__ - INFO - 텔레그램 봇 핸들러 등록 완료
2025-11-04 01:18:35,792 [INFO] app: CORS allowed origins: ['http://localhost:3000', 'http://localhost:3001', 'http://localhost:3002', 'http://127.0.0.1:3000', 'http://127.0.0.1:3001', 'http://127.0.0.1:3002']
2025-11-04 04:02:33,010 [INFO] app: CORS allowed origins: ['http://localhost:3000']
2025-11-04 04:03:44,945 [INFO] app: CORS allowed origins: ['http://localhost:3000']
2025-11-04 04:07:36,270 [INFO] app: CORS allowed origins: ['http://localhost:3000']
